<?xml version="1.0" encoding="UTF-8"?>
<!-- Generated by org.testng.reporters.JUnitReportReporter -->
<testsuite hostname="MSI" failures="0" tests="1" name="Testing.SampleTest" time="0.026" errors="0" timestamp="2024-07-26T10:02:54 IST" skipped="0">
  <testcase classname="Testing.SampleTest" name="demo" time="0.026"/>
  <system-out>
    <![CDATA[Hello World]]>
  </system-out>
</testsuite> <!-- Testing.SampleTest -->
