<?xml version="1.0" encoding="UTF-8"?>
<!-- Generated by org.testng.reporters.JUnitReportReporter -->
<testsuite hostname="MSI" failures="0" tests="1" name="Testing.RetryTest" time="0.025" errors="0" timestamp="2024-08-03T10:44:56 IST" skipped="0">
  <testcase classname="Testing.RetryTest" name="demo" time="0.025"/>
  <system-out>
    <![CDATA[demo]]>
  </system-out>
</testsuite> <!-- Testing.RetryTest -->
