<?xml version="1.0" encoding="UTF-8"?>
<!-- Generated by org.testng.reporters.JUnitReportReporter -->
<testsuite hostname="MSI" failures="0" tests="5" name="Testing.EnableFlagTest" time="0.033" errors="0" timestamp="2024-07-26T10:40:45 IST" skipped="1">
  <testcase classname="Testing.EnableFlagTest" name="demo1" time="0.002"/>
  <system-out>
    <![CDATA[Demo _ 1]]>
  </system-out>
  <testcase classname="Testing.EnableFlagTest" name="demo1" time="0.003"/>
  <system-out>
    <![CDATA[Demo _ 1]]>
  </system-out>
  <testcase classname="Testing.EnableFlagTest" name="demo1" time="0.026"/>
  <system-out>
    <![CDATA[Demo _ 1]]>
  </system-out>
  <testcase classname="Testing.EnableFlagTest" name="demo1" time="0.002"/>
  <system-out>
    <![CDATA[Demo _ 1]]>
  </system-out>
  <testcase classname="Testing.EnableFlagTest" name="demo2">
    <skipped/>
  </testcase> <!-- demo2 -->
  <system-out/>
</testsuite> <!-- Testing.EnableFlagTest -->
