<?xml version="1.0" encoding="UTF-8"?>
<!-- Generated by org.testng.reporters.JUnitReportReporter -->
<testsuite hostname="MSI" failures="0" tests="1" name="Testing.PriorityFlagTest" time="0.026" errors="0" timestamp="2024-07-26T10:25:49 IST" skipped="0">
  <testcase classname="Testing.PriorityFlagTest" name="demo1" time="0.026"/>
  <system-out>
    <![CDATA[Demo _ 1]]>
  </system-out>
</testsuite> <!-- Testing.PriorityFlagTest -->
