<?xml version="1.0" encoding="UTF-8"?>
<!-- Generated by org.testng.reporters.JUnitReportReporter -->
<testsuite hostname="MSI" failures="0" tests="10" name="Testing.InvocationFlagTest" time="0.041" errors="0" timestamp="2024-07-26T10:34:16 IST" skipped="0">
  <testcase classname="Testing.InvocationFlagTest" name="demo1" time="0.002"/>
  <system-out>
    <![CDATA[Demo _ 1]]>
  </system-out>
  <testcase classname="Testing.InvocationFlagTest" name="demo1" time="0.023"/>
  <system-out>
    <![CDATA[Demo _ 1]]>
  </system-out>
  <testcase classname="Testing.InvocationFlagTest" name="demo3" time="0.002"/>
  <system-out>
    <![CDATA[Demo _ 3]]>
  </system-out>
  <testcase classname="Testing.InvocationFlagTest" name="demo4" time="0.001"/>
  <system-out>
    <![CDATA[Demo _ 4]]>
  </system-out>
  <testcase classname="Testing.InvocationFlagTest" name="demo4" time="0.002"/>
  <system-out>
    <![CDATA[Demo _ 4]]>
  </system-out>
  <testcase classname="Testing.InvocationFlagTest" name="demo1" time="0.002"/>
  <system-out>
    <![CDATA[Demo _ 1]]>
  </system-out>
  <testcase classname="Testing.InvocationFlagTest" name="demo1" time="0.002"/>
  <system-out>
    <![CDATA[Demo _ 1]]>
  </system-out>
  <testcase classname="Testing.InvocationFlagTest" name="demo2" time="0.002"/>
  <system-out>
    <![CDATA[Demo _ 2]]>
  </system-out>
  <testcase classname="Testing.InvocationFlagTest" name="demo3" time="0.003"/>
  <system-out>
    <![CDATA[Demo _ 3]]>
  </system-out>
  <testcase classname="Testing.InvocationFlagTest" name="demo3" time="0.002"/>
  <system-out>
    <![CDATA[Demo _ 3]]>
  </system-out>
</testsuite> <!-- Testing.InvocationFlagTest -->
